# JRE version: Java(TM) SE Runtime Environment (9.0+11) (build 9.0.4+11)
# Java VM: Java HotSpot(TM) 64-Bit Server VM (9.0.4+11, mixed mode, tiered, compressed oops, g1 gc, windows-amd64)
Heap:
 garbage-first heap   total 160768K, used 81361K [0x0000000700000000, 0x00000007001004e8, 0x00000007c0000000)
  region size 1024K, 33 young (33792K), 2 survivors (2048K)
 Metaspace       used 73322K, capacity 77950K, committed 78000K, reserved 1116160K
  class space    used 10091K, capacity 10903K, committed 10928K, reserved 1048576K
GC Heap History (10 events):
Event: 522.207 GC heap before
{Heap before GC invocations=48 (full 3):
 garbage-first heap   total 160768K, used 109825K [0x0000000700000000, 0x00000007001004e8, 0x00000007c0000000)
  region size 1024K, 60 young (61440K), 2 survivors (2048K)
 Metaspace       used 73201K, capacity 77816K, committed 78000K, reserved 1116160K
  class space    used 10091K, capacity 10902K, committed 10928K, reserved 1048576K
}
Event: 522.218 GC heap after
{Heap after GC invocations=49 (full 3):
 garbage-first heap   total 160768K, used 50484K [0x0000000700000000, 0x00000007001004e8, 0x00000007c0000000)
  region size 1024K, 2 young (2048K), 2 survivors (2048K)
 Metaspace       used 73201K, capacity 77816K, committed 78000K, reserved 1116160K
  class space    used 10091K, capacity 10902K, committed 10928K, reserved 1048576K
}
Event: 525.262 GC heap before
{Heap before GC invocations=49 (full 3):
 garbage-first heap   total 160768K, used 109876K [0x0000000700000000, 0x00000007001004e8, 0x00000007c0000000)
  region size 1024K, 60 young (61440K), 2 survivors (2048K)
 Metaspace       used 73221K, capacity 77816K, committed 78000K, reserved 1116160K
  class space    used 10091K, capacity 10902K, committed 10928K, reserved 1048576K
}
Event: 525.274 GC heap after
{Heap after GC invocations=50 (full 3):
 garbage-first heap   total 160768K, used 50833K [0x0000000700000000, 0x00000007001004e8, 0x00000007c0000000)
  region size 1024K, 2 young (2048K), 2 survivors (2048K)
 Metaspace       used 73221K, capacity 77816K, committed 78000K, reserved 1116160K
  class space    used 10091K, capacity 10902K, committed 10928K, reserved 1048576K
}
Event: 530.751 GC heap before
{Heap before GC invocations=50 (full 3):
 garbage-first heap   total 160768K, used 112273K [0x0000000700000000, 0x00000007001004e8, 0x00000007c0000000)
  region size 1024K, 60 young (61440K), 2 survivors (2048K)
 Metaspace       used 73272K, capacity 77950K, committed 78000K, reserved 1116160K
  class space    used 10091K, capacity 10903K, committed 10928K, reserved 1048576K
}
Event: 530.764 GC heap after
{Heap after GC invocations=51 (full 3):
 garbage-first heap   total 160768K, used 53480K [0x0000000700000000, 0x00000007001004e8, 0x00000007c0000000)
  region size 1024K, 3 young (3072K), 3 survivors (3072K)
 Metaspace       used 73272K, capacity 77950K, committed 78000K, reserved 1116160K
  class space    used 10091K, capacity 10903K, committed 10928K, reserved 1048576K
}
Event: 532.773 GC heap before
{Heap before GC invocations=51 (full 3):
 garbage-first heap   total 160768K, used 111848K [0x0000000700000000, 0x00000007001004e8, 0x00000007c0000000)
  region size 1024K, 60 young (61440K), 3 survivors (3072K)
 Metaspace       used 73292K, capacity 77950K, committed 78000K, reserved 1116160K
  class space    used 10091K, capacity 10903K, committed 10928K, reserved 1048576K
}
Event: 532.783 GC heap after
{Heap after GC invocations=52 (full 3):
 garbage-first heap   total 160768K, used 52875K [0x0000000700000000, 0x00000007001004e8, 0x00000007c0000000)
  region size 1024K, 2 young (2048K), 2 survivors (2048K)
 Metaspace       used 73292K, capacity 77950K, committed 78000K, reserved 1116160K
  class space    used 10091K, capacity 10903K, committed 10928K, reserved 1048576K
}
Event: 533.993 GC heap before
{Heap before GC invocations=52 (full 3):
 garbage-first heap   total 160768K, used 112267K [0x0000000700000000, 0x00000007001004e8, 0x00000007c0000000)
  region size 1024K, 60 young (61440K), 2 survivors (2048K)
 Metaspace       used 73312K, capacity 77950K, committed 78000K, reserved 1116160K
  class space    used 10091K, capacity 10903K, committed 10928K, reserved 1048576K
}
Event: 534.005 GC heap after
{Heap after GC invocations=53 (full 3):
 garbage-first heap   total 160768K, used 50641K [0x0000000700000000, 0x00000007001004e8, 0x00000007c0000000)
  region size 1024K, 2 young (2048K), 2 survivors (2048K)
 Metaspace       used 73312K, capacity 77950K, committed 78000K, reserved 1116160K
  class space    used 10091K, capacity 10903K, committed 10928K, reserved 1048576K
}

